<?xml version="1.0" encoding="UTF-8" ?>
<testsuite tests="9" failures="0" name="com.willwinder.universalgcodesender.GrblCommunicatorTest" time="0.079" errors="0" skipped="0">
  <properties>
    <property name="java.runtime.name" value="Java(TM) SE Runtime Environment"/>
    <property name="sun.boot.library.path" value="C:\Program Files\Java\jdk1.8.0_45\jre\bin"/>
    <property name="java.vm.version" value="25.45-b02"/>
    <property name="java.vm.vendor" value="Oracle Corporation"/>
    <property name="maven.multiModuleProjectDirectory" value="C:\Users\rna2\Documents\GCode1.09MotiveModified"/>
    <property name="java.vendor.url" value="http://java.oracle.com/"/>
    <property name="path.separator" value=";"/>
    <property name="guice.disable.misplaced.annotation.check" value="true"/>
    <property name="java.vm.name" value="Java HotSpot(TM) 64-Bit Server VM"/>
    <property name="file.encoding.pkg" value="sun.io"/>
    <property name="user.script" value=""/>
    <property name="user.country" value="US"/>
    <property name="sun.java.launcher" value="SUN_STANDARD"/>
    <property name="sun.os.patch.level" value="Service Pack 1"/>
    <property name="java.vm.specification.name" value="Java Virtual Machine Specification"/>
    <property name="user.dir" value="C:\Users\rna2\Documents\GCode1.09MotiveModified"/>
    <property name="java.runtime.version" value="1.8.0_45-b15"/>
    <property name="java.awt.graphicsenv" value="sun.awt.Win32GraphicsEnvironment"/>
    <property name="java.endorsed.dirs" value="C:\Program Files\Java\jdk1.8.0_45\jre\lib\endorsed"/>
    <property name="os.arch" value="amd64"/>
    <property name="java.io.tmpdir" value="C:\Users\rna2\AppData\Local\Temp\1\"/>
    <property name="line.separator" value="
"/>
    <property name="java.vm.specification.vendor" value="Oracle Corporation"/>
    <property name="user.variant" value=""/>
    <property name="os.name" value="Windows 7"/>
    <property name="classworlds.conf" value="C:\Program Files\Apache\maven\bin\..\bin\m2.conf"/>
    <property name="sun.jnu.encoding" value="Cp1252"/>
    <property name="java.library.path" value="C:\Program Files\Java\jdk1.8.0_45\bin;C:\Windows\Sun\Java\bin;C:\Windows\system32;C:\Windows;C:\Python27\;C:\Python27\Scripts;C:\Program Files (x86)\Common Files\Oracle\Java\javapath;C:\TwinCAT\Common64;C:\TwinCAT\Common32;C:\Windows\system32;C:\Windows;C:\Windows\System32\Wbem;C:\Windows\System32\WindowsPowerShell\v1.0\;C:\Program Files (x86)\Common Files\Roxio Shared\DLLShared\;C:\Program Files (x86)\Common Files\Roxio Shared\10.0\DLLShared\;C:\Windows\System32\WindowsPowerShell\v1.0\;c:\Program Files\Microsoft Network Monitor 3\;C:\Program Files\nodejs\;C:\Windows\System32\WindowsPowerShell\v1.0\;C:\Program Files (x86)\Intel\Phone Flash Tool Lite;C:\Program Files (x86)\Brackets\command;C:\Program Files\Git\cmd;C:\Program Files\MiKTeX 2.9\miktex\bin\x64\;C:\Program Files\Keysight\IO Libraries Suite\bin;C:\Program Files\IVI Foundation\VISA\Win64\ktvisa;C:\Program Files\IVI Foundation\VISA\Win64\bin;C:\Program Files (x86)\Keysight\IO Libraries Suite\bin;C:\Program Files (x86)\IVI Foundation\VISA\WinNT\ktvisa;C:\Program Files (x86)\IVI Foundation\VISA\WinNT\bin;C:\Program Files (x86)\IVI Foundation\IVI\bin;C:\Program Files\IVI Foundation\IVI\bin;C:\Program Files (x86)\IVI Foundation\VISA\WinNT\Bin\;C:\Program Files\IVI Foundation\VISA\Win64\Bin\;C:\Program Files (x86)\IVI Foundation\VISA\winnt\agvisa;C:\Program Files\PuTTY\;C:\Program Files (x86)\HID Global\ActivClient\;C:\Program Files\HID Global\ActivClient\;C:\Program Files\Apache\maven\bin;C:\Program Files\Apache\maven\bin;C:\Program Files\Java\jdk1.8.0_45\bin;C:\Program Files\dotnet\;C:\Users\rna2\AppData\Local\Programs\Python\Python36\Scripts\;C:\Users\rna2\AppData\Local\Programs\Python\Python36\;C:\Users\rna2\AppData\Local\Programs\Python\Launcher\;C:\Users\rna2\AppData\Roaming\npm;."/>
    <property name="maven.conf" value="C:\Program Files\Apache\maven\bin\../conf"/>
    <property name="java.specification.name" value="Java Platform API Specification"/>
    <property name="java.class.version" value="52.0"/>
    <property name="sun.management.compiler" value="HotSpot 64-Bit Tiered Compilers"/>
    <property name="os.version" value="6.1"/>
    <property name="library.jansi.path" value="C:\Program Files\Apache\maven\bin\..\lib\jansi-native"/>
    <property name="user.home" value="C:\Users\rna2"/>
    <property name="user.timezone" value="America/New_York"/>
    <property name="java.awt.printerjob" value="sun.awt.windows.WPrinterJob"/>
    <property name="java.specification.version" value="1.8"/>
    <property name="file.encoding" value="Cp1252"/>
    <property name="user.name" value="rna2"/>
    <property name="java.class.path" value="C:\Program Files\Apache\maven\bin\..\boot\plexus-classworlds-2.5.2.jar"/>
    <property name="java.vm.specification.version" value="1.8"/>
    <property name="sun.arch.data.model" value="64"/>
    <property name="java.home" value="C:\Program Files\Java\jdk1.8.0_45\jre"/>
    <property name="sun.java.command" value="org.codehaus.plexus.classworlds.launcher.Launcher install"/>
    <property name="java.specification.vendor" value="Oracle Corporation"/>
    <property name="user.language" value="en"/>
    <property name="awt.toolkit" value="sun.awt.windows.WToolkit"/>
    <property name="java.vm.info" value="mixed mode"/>
    <property name="java.version" value="1.8.0_45"/>
    <property name="java.ext.dirs" value="C:\Program Files\Java\jdk1.8.0_45\jre\lib\ext;C:\Windows\Sun\Java\lib\ext"/>
    <property name="sun.boot.class.path" value="C:\Program Files\Java\jdk1.8.0_45\jre\lib\resources.jar;C:\Program Files\Java\jdk1.8.0_45\jre\lib\rt.jar;C:\Program Files\Java\jdk1.8.0_45\jre\lib\sunrsasign.jar;C:\Program Files\Java\jdk1.8.0_45\jre\lib\jsse.jar;C:\Program Files\Java\jdk1.8.0_45\jre\lib\jce.jar;C:\Program Files\Java\jdk1.8.0_45\jre\lib\charsets.jar;C:\Program Files\Java\jdk1.8.0_45\jre\lib\jfr.jar;C:\Program Files\Java\jdk1.8.0_45\jre\classes"/>
    <property name="sun.stderr.encoding" value="cp437"/>
    <property name="java.vendor" value="Oracle Corporation"/>
    <property name="maven.home" value="C:\Program Files\Apache\maven\bin\.."/>
    <property name="file.separator" value="\"/>
    <property name="java.vendor.url.bug" value="http://bugreport.sun.com/bugreport/"/>
    <property name="sun.cpu.endian" value="little"/>
    <property name="sun.io.unicode.encoding" value="UnicodeLittle"/>
    <property name="sun.stdout.encoding" value="cp437"/>
    <property name="sun.desktop" value="windows"/>
    <property name="sun.cpu.isalist" value="amd64"/>
  </properties>
  <testcase classname="com.willwinder.universalgcodesender.GrblCommunicatorTest" name="testCloseCommPort" time="0"/>
  <testcase classname="com.willwinder.universalgcodesender.GrblCommunicatorTest" name="testSoftReset" time="0.074"/>
  <testcase classname="com.willwinder.universalgcodesender.GrblCommunicatorTest" name="testOpenCommPort" time="0.001"/>
  <testcase classname="com.willwinder.universalgcodesender.GrblCommunicatorTest" name="testPauseSendAndResumeSend" time="0.001"/>
  <testcase classname="com.willwinder.universalgcodesender.GrblCommunicatorTest" name="testStreamCommands" time="0.001"/>
  <testcase classname="com.willwinder.universalgcodesender.GrblCommunicatorTest" name="testAreActiveCommands" time="0"/>
  <testcase classname="com.willwinder.universalgcodesender.GrblCommunicatorTest" name="testCancelSend" time="0.001"/>
  <testcase classname="com.willwinder.universalgcodesender.GrblCommunicatorTest" name="testSendByteImmediately" time="0.001"/>
  <testcase classname="com.willwinder.universalgcodesender.GrblCommunicatorTest" name="testQueueStringForComm" time="0"/>
</testsuite>